0 info it worked if it ends with ok
1 verbose cli [ 'node', '/usr/bin/npm', 'install', '-g', 'grunt-cli' ]
2 info using npm@2.10.1
3 info using node@v0.12.4
4 verbose node symlink /usr/bin/node
5 verbose install initial load of /usr/lib/package.json
6 verbose readDependencies loading dependencies from /usr/lib/package.json
7 silly cache add args [ 'grunt-cli', null ]
8 verbose cache add spec grunt-cli
9 silly cache add parsed spec { raw: 'grunt-cli',
9 silly cache add   scope: null,
9 silly cache add   name: 'grunt-cli',
9 silly cache add   rawSpec: '',
9 silly cache add   spec: '*',
9 silly cache add   type: 'range' }
10 silly addNamed grunt-cli@*
11 verbose addNamed "*" is a valid semver range for grunt-cli
12 silly addNameRange { name: 'grunt-cli', range: '*', hasData: false }
13 silly mapToRegistry name grunt-cli
14 silly mapToRegistry using default registry
15 silly mapToRegistry registry https://registry.npmjs.org/
16 silly mapToRegistry uri https://registry.npmjs.org/grunt-cli
17 verbose addNameRange registry:https://registry.npmjs.org/grunt-cli not in flight; fetching
18 verbose request uri https://registry.npmjs.org/grunt-cli
19 verbose request no auth needed
20 info attempt registry request try #1 at 1:39:11 PM
21 verbose request id 840b15888a464769
22 verbose etag "6FRF55SSEMOUYRA4PTJI919HE"
23 http request GET https://registry.npmjs.org/grunt-cli
24 http 304 https://registry.npmjs.org/grunt-cli
25 silly get cb [ 304,
25 silly get   { date: 'Fri, 17 Jul 2015 10:38:33 GMT',
25 silly get     via: '1.1 varnish',
25 silly get     'cache-control': 'max-age=60',
25 silly get     etag: '"6FRF55SSEMOUYRA4PTJI919HE"',
25 silly get     age: '48',
25 silly get     connection: 'keep-alive',
25 silly get     'x-served-by': 'cache-fra1228-FRA',
25 silly get     'x-cache': 'HIT',
25 silly get     'x-cache-hits': '2',
25 silly get     'x-timer': 'S1437129513.075914,VS0,VE0',
25 silly get     vary: 'Accept' } ]
26 verbose etag https://registry.npmjs.org/grunt-cli from cache
27 verbose get saving grunt-cli to /Users/simonova/.npm/registry.npmjs.org/grunt-cli/.cache.json
28 silly addNameRange number 2 { name: 'grunt-cli', range: '*', hasData: true }
29 silly addNameRange versions [ 'grunt-cli',
29 silly addNameRange   [ '0.1.0',
29 silly addNameRange     '0.1.1',
29 silly addNameRange     '0.1.2',
29 silly addNameRange     '0.1.3',
29 silly addNameRange     '0.1.4',
29 silly addNameRange     '0.1.5',
29 silly addNameRange     '0.1.6',
29 silly addNameRange     '0.1.7',
29 silly addNameRange     '0.1.8',
29 silly addNameRange     '0.1.9',
29 silly addNameRange     '0.1.10',
29 silly addNameRange     '0.1.11',
29 silly addNameRange     '0.1.12',
29 silly addNameRange     '0.1.13' ] ]
30 silly addNamed grunt-cli@0.1.13
31 verbose addNamed "0.1.13" is a plain semver version for grunt-cli
32 silly cache afterAdd grunt-cli@0.1.13
33 verbose afterAdd /Users/simonova/.npm/grunt-cli/0.1.13/package/package.json not in flight; writing
34 verbose afterAdd /Users/simonova/.npm/grunt-cli/0.1.13/package/package.json written
35 silly install resolved [ { name: 'grunt-cli',
35 silly install resolved     description: 'The grunt command line interface.',
35 silly install resolved     version: '0.1.13',
35 silly install resolved     author: { name: 'Grunt Team' },
35 silly install resolved     homepage: 'http://gruntjs.com/',
35 silly install resolved     repository: { type: 'git', url: 'git://github.com/gruntjs/grunt-cli.git' },
35 silly install resolved     bugs: { url: 'http://github.com/gruntjs/grunt-cli/issues' },
35 silly install resolved     licenses: [ [Object] ],
35 silly install resolved     bin: { grunt: 'bin/grunt' },
35 silly install resolved     engines: { node: '>= 0.8.0' },
35 silly install resolved     scripts: { test: 'node bin/grunt test' },
35 silly install resolved     preferGlobal: true,
35 silly install resolved     dependencies: { nopt: '~1.0.10', 'findup-sync': '~0.1.0', resolve: '~0.3.1' },
35 silly install resolved     devDependencies: { grunt: '~0.4.0', 'grunt-contrib-jshint': '~0.2.0' },
35 silly install resolved     contributors: [ [Object], [Object], [Object], [Object] ],
35 silly install resolved     _id: 'grunt-cli@0.1.13',
35 silly install resolved     dist:
35 silly install resolved      { shasum: 'e9ebc4047631f5012d922770c39378133cad10f4',
35 silly install resolved        tarball: 'http://registry.npmjs.org/grunt-cli/-/grunt-cli-0.1.13.tgz' },
35 silly install resolved     _from: 'grunt-cli@*',
35 silly install resolved     _npmVersion: '1.3.24',
35 silly install resolved     _npmUser: { name: 'tkellen', email: 'tyler@sleekcode.net' },
35 silly install resolved     maintainers: [ [Object] ],
35 silly install resolved     directories: {},
35 silly install resolved     _shasum: 'e9ebc4047631f5012d922770c39378133cad10f4',
35 silly install resolved     _resolved: 'https://registry.npmjs.org/grunt-cli/-/grunt-cli-0.1.13.tgz',
35 silly install resolved     readme: 'ERROR: No README data found!' } ]
36 info install grunt-cli@0.1.13 into /usr/lib
37 info installOne grunt-cli@0.1.13
38 verbose installOne of grunt-cli to /usr/lib not in flight; installing
39 verbose lock using /Users/simonova/.npm/_locks/grunt-cli-e8d57df188d50057.lock for /usr/lib/node_modules/grunt-cli
40 silly install write writing grunt-cli 0.1.13 to /usr/lib/node_modules/grunt-cli
41 verbose unbuild lib/node_modules/grunt-cli
42 silly gentlyRm /usr/lib/node_modules/grunt-cli is being purged from base /usr
43 verbose gentlyRm don't care about contents; nuking /usr/lib/node_modules/grunt-cli
44 verbose tar unpack /Users/simonova/.npm/grunt-cli/0.1.13/package.tgz
45 verbose tar unpacking to /usr/lib/node_modules/grunt-cli
46 silly gentlyRm /usr/lib/node_modules/grunt-cli is being purged
47 verbose gentlyRm don't care about contents; nuking /usr/lib/node_modules/grunt-cli
48 silly gunzTarPerm modes [ '755', '644' ]
49 error tar.unpack untar error /Users/simonova/.npm/grunt-cli/0.1.13/package.tgz
50 verbose unlock done using /Users/simonova/.npm/_locks/grunt-cli-e8d57df188d50057.lock for /usr/lib/node_modules/grunt-cli
51 verbose fstream_path /usr/lib/node_modules/grunt-cli
52 verbose fstream_type Directory
53 verbose fstream_class DirWriter
54 verbose stack Error: EACCES, mkdir '/usr/lib/node_modules'
54 verbose stack     at Error (native)
55 verbose fstream_stack /usr/local/lib/node_modules/npm/node_modules/fstream/lib/writer.js:171:25
55 verbose fstream_stack /usr/local/lib/node_modules/npm/node_modules/mkdirp/index.js:47:53
55 verbose fstream_stack FSReqWrap.oncomplete (fs.js:95:15)
56 verbose cwd /Users/simonova/Documents/web2book
57 error Darwin 14.0.0
58 error argv "node" "/usr/bin/npm" "install" "-g" "grunt-cli"
59 error node v0.12.4
60 error npm  v2.10.1
61 error path /usr/lib/node_modules
62 error code EACCES
63 error errno -13
64 error Error: EACCES, mkdir '/usr/lib/node_modules'
64 error     at Error (native)
64 error  { [Error: EACCES, mkdir '/usr/lib/node_modules']
64 error   errno: -13,
64 error   code: 'EACCES',
64 error   path: '/usr/lib/node_modules',
64 error   fstream_type: 'Directory',
64 error   fstream_path: '/usr/lib/node_modules/grunt-cli',
64 error   fstream_class: 'DirWriter',
64 error   fstream_stack:
64 error    [ '/usr/local/lib/node_modules/npm/node_modules/fstream/lib/writer.js:171:25',
64 error      '/usr/local/lib/node_modules/npm/node_modules/mkdirp/index.js:47:53',
64 error      'FSReqWrap.oncomplete (fs.js:95:15)' ] }
65 error Please try running this command again as root/Administrator.
66 verbose exit [ -13, true ]
67 verbose unbuild lib/node_modules/grunt-cli
68 silly gentlyRm /usr/lib/node_modules/grunt-cli is being purged from base /usr
69 verbose gentlyRm don't care about contents; nuking /usr/lib/node_modules/grunt-cli
